<?xml version="1.0" encoding="UTF-8"?>
<testng-results skipped="0" failed="0" ignored="0" total="1" passed="1">
  <reporter-output>
  </reporter-output>
  <suite name="Data Driven Basics" duration-ms="3163" started-at="2021-11-04T00:32:33 IST" finished-at="2021-11-04T00:32:36 IST">
    <groups>
    </groups>
    <test name="LoginTest" duration-ms="3163" started-at="2021-11-04T00:32:33 IST" finished-at="2021-11-04T00:32:36 IST">
      <class name="com.w2a.testcases.LoginTest">
        <test-method status="PASS" signature="setUp()[pri:0, instance:com.w2a.testcases.LoginTest@4520ebad]" name="setUp" is-config="true" duration-ms="6585" started-at="2021-11-04T00:32:27 IST" finished-at="2021-11-04T00:32:33 IST">
          <reporter-output>
          </reporter-output>
        </test-method> <!-- setUp -->
        <test-method status="PASS" signature="loginAsBankManager()[pri:0, instance:com.w2a.testcases.LoginTest@4520ebad]" name="loginAsBankManager" duration-ms="3107" started-at="2021-11-04T00:32:33 IST" finished-at="2021-11-04T00:32:36 IST">
          <reporter-output>
          </reporter-output>
        </test-method> <!-- loginAsBankManager -->
        <test-method status="PASS" signature="tearDown()[pri:0, instance:com.w2a.testcases.LoginTest@4520ebad]" name="tearDown" is-config="true" duration-ms="986" started-at="2021-11-04T00:32:36 IST" finished-at="2021-11-04T00:32:37 IST">
          <reporter-output>
          </reporter-output>
        </test-method> <!-- tearDown -->
      </class> <!-- com.w2a.testcases.LoginTest -->
    </test> <!-- LoginTest -->
  </suite> <!-- Data Driven Basics -->
</testng-results>
