<?xml version="1.0" encoding="UTF-8"?>
<testsuite name="TestSuite" time="11.938" tests="2" errors="0" skipped="0" failures="2">
  <properties>
[...]
</properties>
  <testcase name="loginAsBankManager" classname="com.w2a.testcases.BankManagerLoginTest" time="4.8">
    <failure message="Login not Successfull" type="java.lang.AssertionError">java.lang.AssertionError: Login not Successfull
	at org.testng.Assert.fail(Assert.java:97)
	at com.w2a.testcases.BankManagerLoginTest.loginAsBankManager(BankManagerLoginTest.java:27)
</failure>
    <system-err><![CDATA[Starting ChromeDriver 95.0.4638.17 (a9d0719444d4b035e284ed1fce73bf6ccd789df2-refs/branch-heads/4638@{#178}) on port 32944
Only local connections are allowed.
Please see https://chromedriver.chromium.org/security-considerations for suggestions on keeping ChromeDriver safe.
ChromeDriver was started successfully.
Nov 11, 2021 1:06:15 AM org.openqa.selenium.remote.ProtocolHandshake createSession
INFO: Detected dialect: W3C
]]></system-err>
  </testcase>
  <testcase name="addCustomerTest" classname="com.w2a.testcases.AddCustomerTest" time="7.138">
    <failure message="Customer Not Added Successfully  !!!" type="java.lang.AssertionError">java.lang.AssertionError: Customer Not Added Successfully  !!!
	at org.testng.Assert.fail(Assert.java:97)
	at com.w2a.testcases.AddCustomerTest.addCustomerTest(AddCustomerTest.java:31)
</failure>
  </testcase>
</testsuite>