<?xml version="1.0" encoding="UTF-8"?>
<!-- Generated by org.testng.reporters.JUnitXMLReporter -->
<testsuite hostname="DESKTOP-O391UBK" ignored="0" name="Add Customer Test" tests="1" failures="1" timestamp="2021-11-06T23:12:12 IST" time="8.58" errors="0">
  <testcase name="addCustomerTest" time="7.993" classname="com.w2a.testcases.AddCustomerTest">
    <failure type="java.lang.AssertionError" message="Customer Not Added Successfully  !!!">
      <![CDATA[java.lang.AssertionError: Customer Not Added Successfully  !!!
at com.w2a.testcases.AddCustomerTest.addCustomerTest(AddCustomerTest.java:30)
at java.util.ArrayList.forEach(ArrayList.java:1234)
... Removed 29 stack frames]]>
    </failure>
  </testcase> <!-- addCustomerTest -->
</testsuite> <!-- Add Customer Test -->
