<?xml version="1.0" encoding="UTF-8"?>
<!-- Generated by org.testng.reporters.JUnitXMLReporter -->
<testsuite hostname="DESKTOP-O391UBK" ignored="0" name="Bank Manager Login Test" tests="2" failures="2" timestamp="2021-11-09T21:02:07 IST" time="0.337" errors="0">
  <testcase name="loginAsBankManager" time="0.005" classname="com.w2a.testcases.BankManagerLoginTest">
    <failure type="java.lang.NullPointerException">
      <![CDATA[java.lang.NullPointerException
at com.w2a.listeners.CustomListeners.onTestStart(CustomListeners.java:28)
at java.util.ArrayList.forEach(ArrayList.java:1234)
... Removed 25 stack frames]]>
    </failure>
  </testcase> <!-- loginAsBankManager -->
  <testcase name="loginAsBankManager" time="0.19" classname="com.w2a.testcases.BankManagerLoginTest">
    <failure type="java.lang.NullPointerException">
      <![CDATA[java.lang.NullPointerException
at com.w2a.listeners.CustomListeners.onTestFailure(CustomListeners.java:49)
at java.util.ArrayList.forEach(ArrayList.java:1234)
... Removed 25 stack frames]]>
    </failure>
  </testcase> <!-- loginAsBankManager -->
</testsuite> <!-- Bank Manager Login Test -->
