<?xml version="1.0" encoding="UTF-8"?>
<testng-results skipped="1" failed="0" ignored="0" total="1" passed="0">
  <reporter-output>
  </reporter-output>
  <suite name="Data Driven Basics" duration-ms="121" started-at="2021-11-04T01:33:58 IST" finished-at="2021-11-04T01:33:58 IST">
    <groups>
    </groups>
    <test name="LoginTest" duration-ms="121" started-at="2021-11-04T01:33:58 IST" finished-at="2021-11-04T01:33:58 IST">
      <class name="com.w2a.testcases.LoginTest">
        <test-method status="FAIL" signature="setUp()[pri:0, instance:com.w2a.testcases.LoginTest@358c99f5]" name="setUp" is-config="true" duration-ms="656" started-at="2021-11-04T01:33:57 IST" finished-at="2021-11-04T01:33:58 IST">
          <exception class="java.lang.IllegalAccessError">
            <message>
              <![CDATA[tried to access method com.google.common.util.concurrent.SimpleTimeLimiter.<init>(Ljava/util/concurrent/ExecutorService;)V from class org.openqa.selenium.net.UrlChecker]]>
            </message>
            <full-stacktrace>
              <![CDATA[java.lang.IllegalAccessError: tried to access method com.google.common.util.concurrent.SimpleTimeLimiter.<init>(Ljava/util/concurrent/ExecutorService;)V from class org.openqa.selenium.net.UrlChecker
at org.openqa.selenium.net.UrlChecker.<init>(UrlChecker.java:67)
at org.openqa.selenium.remote.service.DriverService.waitUntilAvailable(DriverService.java:175)
at org.openqa.selenium.remote.service.DriverService.start(DriverService.java:166)
at org.openqa.selenium.remote.service.DriverCommandExecutor.execute(DriverCommandExecutor.java:78)
at org.openqa.selenium.remote.RemoteWebDriver.execute(RemoteWebDriver.java:644)
at org.openqa.selenium.remote.RemoteWebDriver.startSession(RemoteWebDriver.java:249)
at org.openqa.selenium.remote.RemoteWebDriver.<init>(RemoteWebDriver.java:131)
at org.openqa.selenium.remote.RemoteWebDriver.<init>(RemoteWebDriver.java:144)
at org.openqa.selenium.chrome.ChromeDriver.<init>(ChromeDriver.java:170)
at org.openqa.selenium.chrome.ChromeDriver.<init>(ChromeDriver.java:159)
at org.openqa.selenium.chrome.ChromeDriver.<init>(ChromeDriver.java:116)
at com.w2a.base.TestBase.setUp(TestBase.java:73)
at sun.reflect.NativeMethodAccessorImpl.invoke0(Native Method)
at sun.reflect.NativeMethodAccessorImpl.invoke(NativeMethodAccessorImpl.java:62)
at sun.reflect.DelegatingMethodAccessorImpl.invoke(DelegatingMethodAccessorImpl.java:43)
at java.lang.reflect.Method.invoke(Method.java:483)
at org.testng.internal.MethodInvocationHelper.invokeMethod(MethodInvocationHelper.java:133)
at org.testng.internal.MethodInvocationHelper.invokeMethodConsideringTimeout(MethodInvocationHelper.java:62)
at org.testng.internal.ConfigInvoker.invokeConfigurationMethod(ConfigInvoker.java:385)
at org.testng.internal.ConfigInvoker.invokeConfigurations(ConfigInvoker.java:321)
at org.testng.SuiteRunner.privateRun(SuiteRunner.java:317)
at org.testng.SuiteRunner.run(SuiteRunner.java:276)
at org.testng.SuiteRunnerWorker.runSuite(SuiteRunnerWorker.java:53)
at org.testng.SuiteRunnerWorker.run(SuiteRunnerWorker.java:96)
at org.testng.TestNG.runSuitesSequentially(TestNG.java:1212)
at org.testng.TestNG.runSuitesLocally(TestNG.java:1134)
at org.testng.TestNG.runSuites(TestNG.java:1063)
at org.testng.TestNG.run(TestNG.java:1031)
at org.testng.remote.AbstractRemoteTestNG.run(AbstractRemoteTestNG.java:115)
at org.testng.remote.RemoteTestNG.initAndRun(RemoteTestNG.java:251)
at org.testng.remote.RemoteTestNG.main(RemoteTestNG.java:77)
]]>
            </full-stacktrace>
          </exception> <!-- java.lang.IllegalAccessError -->
          <reporter-output>
          </reporter-output>
        </test-method> <!-- setUp -->
        <test-method status="SKIP" signature="loginAsBankManager()[pri:0, instance:com.w2a.testcases.LoginTest@358c99f5]" name="loginAsBankManager" duration-ms="0" started-at="2021-11-04T01:33:58 IST" finished-at="2021-11-04T01:33:58 IST">
          <exception class="java.lang.IllegalAccessError">
            <message>
              <![CDATA[tried to access method com.google.common.util.concurrent.SimpleTimeLimiter.<init>(Ljava/util/concurrent/ExecutorService;)V from class org.openqa.selenium.net.UrlChecker]]>
            </message>
            <full-stacktrace>
              <![CDATA[java.lang.IllegalAccessError: tried to access method com.google.common.util.concurrent.SimpleTimeLimiter.<init>(Ljava/util/concurrent/ExecutorService;)V from class org.openqa.selenium.net.UrlChecker
at org.openqa.selenium.net.UrlChecker.<init>(UrlChecker.java:67)
at org.openqa.selenium.remote.service.DriverService.waitUntilAvailable(DriverService.java:175)
at org.openqa.selenium.remote.service.DriverService.start(DriverService.java:166)
at org.openqa.selenium.remote.service.DriverCommandExecutor.execute(DriverCommandExecutor.java:78)
at org.openqa.selenium.remote.RemoteWebDriver.execute(RemoteWebDriver.java:644)
at org.openqa.selenium.remote.RemoteWebDriver.startSession(RemoteWebDriver.java:249)
at org.openqa.selenium.remote.RemoteWebDriver.<init>(RemoteWebDriver.java:131)
at org.openqa.selenium.remote.RemoteWebDriver.<init>(RemoteWebDriver.java:144)
at org.openqa.selenium.chrome.ChromeDriver.<init>(ChromeDriver.java:170)
at org.openqa.selenium.chrome.ChromeDriver.<init>(ChromeDriver.java:159)
at org.openqa.selenium.chrome.ChromeDriver.<init>(ChromeDriver.java:116)
at com.w2a.base.TestBase.setUp(TestBase.java:73)
at sun.reflect.NativeMethodAccessorImpl.invoke0(Native Method)
at sun.reflect.NativeMethodAccessorImpl.invoke(NativeMethodAccessorImpl.java:62)
at sun.reflect.DelegatingMethodAccessorImpl.invoke(DelegatingMethodAccessorImpl.java:43)
at java.lang.reflect.Method.invoke(Method.java:483)
at org.testng.internal.MethodInvocationHelper.invokeMethod(MethodInvocationHelper.java:133)
at org.testng.internal.MethodInvocationHelper.invokeMethodConsideringTimeout(MethodInvocationHelper.java:62)
at org.testng.internal.ConfigInvoker.invokeConfigurationMethod(ConfigInvoker.java:385)
at org.testng.internal.ConfigInvoker.invokeConfigurations(ConfigInvoker.java:321)
at org.testng.SuiteRunner.privateRun(SuiteRunner.java:317)
at org.testng.SuiteRunner.run(SuiteRunner.java:276)
at org.testng.SuiteRunnerWorker.runSuite(SuiteRunnerWorker.java:53)
at org.testng.SuiteRunnerWorker.run(SuiteRunnerWorker.java:96)
at org.testng.TestNG.runSuitesSequentially(TestNG.java:1212)
at org.testng.TestNG.runSuitesLocally(TestNG.java:1134)
at org.testng.TestNG.runSuites(TestNG.java:1063)
at org.testng.TestNG.run(TestNG.java:1031)
at org.testng.remote.AbstractRemoteTestNG.run(AbstractRemoteTestNG.java:115)
at org.testng.remote.RemoteTestNG.initAndRun(RemoteTestNG.java:251)
at org.testng.remote.RemoteTestNG.main(RemoteTestNG.java:77)
]]>
            </full-stacktrace>
          </exception> <!-- java.lang.IllegalAccessError -->
          <reporter-output>
          </reporter-output>
        </test-method> <!-- loginAsBankManager -->
        <test-method status="SKIP" signature="tearDown()[pri:0, instance:com.w2a.testcases.LoginTest@358c99f5]" name="tearDown" is-config="true" duration-ms="-1635969838714" started-at="2021-11-04T01:33:58 IST" finished-at="1970-01-01T05:30:00 IST">
          <reporter-output>
          </reporter-output>
        </test-method> <!-- tearDown -->
      </class> <!-- com.w2a.testcases.LoginTest -->
    </test> <!-- LoginTest -->
  </suite> <!-- Data Driven Basics -->
</testng-results>
